This is TeX, Version 3.14159 (Web2C 7.3.1) (format=latex 2000.10.7)  4 AUG 2001 11:44
**guide
(guide.tex
LaTeX2e <1999/12/01> patch level 1
Babel <v3.6Z> and hyphenation patterns for american, french, german, ngerman, n
ohyphenation, loaded.
(/pyxis/d0/mfgu/teTeX/share/texmf/tex/latex/base/article.cls
Document Class: article 1999/09/10 v1.4a Standard LaTeX document class
(/pyxis/d0/mfgu/teTeX/share/texmf/tex/latex/base/size12.clo
File: size12.clo 1999/09/10 v1.4a Standard LaTeX file (size option)
)
\c@part=\count79
\c@section=\count80
\c@subsection=\count81
\c@subsubsection=\count82
\c@paragraph=\count83
\c@subparagraph=\count84
\c@figure=\count85
\c@table=\count86
\abovecaptionskip=\skip41
\belowcaptionskip=\skip42
\bibindent=\dimen102
)
(/pyxis/d0/mfgu/teTeX/share/texmf/tex/latex/misc/geometry.sty
Package: geometry 1999/10/07 v2.2 Page Geometry

(/pyxis/d0/mfgu/teTeX/share/texmf/tex/latex/graphics/keyval.sty
Package: keyval 1999/03/16 v1.13 key=value parser (DPC)
\KV@toks@=\toks14
)
\geom@cnth=\count87
\geom@cntv=\count88

(/pyxis/d0/mfgu/teTeX/share/texmf/tex/latex/config/geometry.cfg)) (guide.aux)
\openout1 = `guide.aux'.

LaTeX Font Info:    Checking defaults for OML/cmm/m/it on input line 6.
LaTeX Font Info:    ... okay on input line 6.
LaTeX Font Info:    Checking defaults for T1/cmr/m/n on input line 6.
LaTeX Font Info:    ... okay on input line 6.
LaTeX Font Info:    Checking defaults for OT1/cmr/m/n on input line 6.
LaTeX Font Info:    ... okay on input line 6.
LaTeX Font Info:    Checking defaults for OMS/cmsy/m/n on input line 6.
LaTeX Font Info:    ... okay on input line 6.
LaTeX Font Info:    Checking defaults for OMX/cmex/m/n on input line 6.
LaTeX Font Info:    ... okay on input line 6.
LaTeX Font Info:    Checking defaults for U/cmr/m/n on input line 6.
LaTeX Font Info:    ... okay on input line 6.
LaTeX Font Info:    External font `cmex10' loaded for size
(Font)              <14.4> on input line 9.
LaTeX Font Info:    External font `cmex10' loaded for size
(Font)              <7> on input line 9.
LaTeX Font Info:    External font `cmex10' loaded for size
(Font)              <12> on input line 43.
LaTeX Font Info:    External font `cmex10' loaded for size
(Font)              <8> on input line 43.
LaTeX Font Info:    External font `cmex10' loaded for size
(Font)              <6> on input line 43.

[1

] [2]
Overfull \hbox (6.92325pt too wide) in paragraph at lines 166--171
[]\OT1/cmr/m/n/12 Set the ra-dial grid lim-its. The ac-tual grid lim-its are ``
rmin/z'',
 []

[3]
Overfull \hbox (10.34401pt too wide) in paragraph at lines 221--228
[]\OT1/cmr/m/n/12 Calculate the tran-si-tion rates be-tween lower
 []

LaTeX Font Info:    Try loading font information for OMS+cmr on input line 244.

(/pyxis/d0/mfgu/teTeX/share/texmf/tex/latex/base/omscmr.fd
File: omscmr.fd 1999/05/25 v2.5h Standard LaTeX font definitions
)
LaTeX Font Info:    Font shape `OMS/cmr/m/n' in size <12> not available
(Font)              Font shape `OMS/cmsy/m/n' tried instead on input line 244.


LaTeX Warning: Reference `sec_theory' on page 4 undefined on input line 244.


Overfull \hbox (14.85329pt too wide) in paragraph at lines 239--248
[]\OT1/cmr/m/n/12 Set par-tial wave
 []

[4]
Overfull \hbox (39.44078pt too wide) in paragraph at lines 292--303
[]
 []

[5]
Overfull \hbox (12.93854pt too wide) in paragraph at lines 346--349
[]\OT1/cmr/m/n/12 Construct re-com-bined states based on the tar-get states fro
m ``groups'',
 []


Overfull \hbox (6.1167pt too wide) in paragraph at lines 351--354
[]\OT1/cmr/m/n/12 Set the in-ter-nal photo-electron en-ergy grid in photo-ioniz
ation
 []


Overfull \hbox (5.4628pt too wide) in paragraph at lines 356--359
[]\OT1/cmr/m/n/12 Set the photo-electron en-ergy grid where photo-ionization
 []


Overfull \hbox (6.32117pt too wide) in paragraph at lines 378--386
[]\OT1/cmr/m/n/12 Corrects the en-ergy value of ``lev-els'' to ``en-er-gies'', 
where
 []

[6]
Overfull \hbox (3.96681pt too wide) in paragraph at lines 393--395
[]\OT1/cmr/m/n/12 Calculates the au-toion-iza-tion width from ``bound'' to ``fr
ee''
 []


Overfull \hbox (5.06255pt too wide) in paragraph at lines 431--443
[]\OT1/cmr/m/n/12 This rou-tine
 []

[7] [8] (guide.aux)

LaTeX Warning: There were undefined references.

 ) 
Here is how much of TeX's memory you used:
 477 strings out of 10901
 6242 string characters out of 72060
 53671 words of memory out of 263001
 3461 multiletter control sequences out of 10000+0
 9109 words of font info for 32 fonts, out of 400000 for 1000
 14 hyphenation exceptions out of 1000
 23i,6n,29p,155b,265s stack positions out of 300i,100n,500p,50000b,4000s

Output written on guide.dvi (8 pages, 29220 bytes).
